#
# There is insufficient memory for the Java Runtime Environment to continue.
# Native memory allocation (mmap) failed to map 24117248 bytes for G1 virtual space
# Possible reasons:
#   The system is out of physical RAM or swap space
#   The process is running with CompressedOops enabled, and the Java Heap may be blocking the growth of the native heap
# Possible solutions:
#   Reduce memory load on the system
#   Increase physical memory or swap space
#   Check if swap backing store is full
#   Decrease Java heap size (-Xmx/-Xms)
#   Decrease number of Java threads
#   Decrease Java thread stack sizes (-Xss)
#   Set larger code cache with -XX:ReservedCodeCacheSize=
#   JVM is running with Unscaled Compressed Oops mode in which the Java heap is
#     placed in the first 4GB address space. The Java Heap base address is the
#     maximum limit for the native heap growth. Please use -XX:HeapBaseMinAddress
#     to set the Java Heap base and to place the Java Heap above 4GB virtual address.
# This output file may be truncated or incomplete.
#
#  Out of Memory Error (os_windows.cpp:3825), pid=9452, tid=20136
#
# JRE version: OpenJDK Runtime Environment (17.0.9) (build 17.0.9+0--11185874)
# Java VM: OpenJDK 64-Bit Server VM (17.0.9+0--11185874, mixed mode, tiered, compressed oops, compressed class ptrs, g1 gc, windows-amd64)
# No core dump will be written. Minidumps are not enabled by default on client versions of Windows
#

---------------  S U M M A R Y ------------

Command Line: --add-opens=java.base/java.util=ALL-UNNAMED --add-opens=java.base/java.lang=ALL-UNNAMED --add-opens=java.base/java.lang.invoke=ALL-UNNAMED --add-opens=java.prefs/java.util.prefs=ALL-UNNAMED --add-opens=java.base/java.nio.charset=ALL-UNNAMED --add-opens=java.base/java.net=ALL-UNNAMED --add-opens=java.base/java.util.concurrent.atomic=ALL-UNNAMED -Xmx2048m -Dfile.encoding=UTF-8 -Duser.country=US -Duser.language=en -Duser.variant -javaagent:C:\Users\Abdelrahman\.gradle\wrapper\dists\gradle-8.4-bin\1w5dpkrfk8irigvoxmyhowfim\gradle-8.4\lib\agents\gradle-instrumentation-agent-8.4.jar org.gradle.launcher.daemon.bootstrap.GradleDaemon 8.4

Host: Intel(R) Core(TM) i5-7200U CPU @ 2.50GHz, 4 cores, 11G,  Windows 10 , 64 bit Build 19041 (10.0.19041.3636)
Time: Tue Jun 11 00:51:34 2024 Egypt Daylight Time elapsed time: 16.181840 seconds (0d 0h 0m 16s)

---------------  T H R E A D  ---------------

Current thread (0x00000162a730aac0):  VMThread "VM Thread" [stack: 0x0000003c9c500000,0x0000003c9c600000] [id=20136]

Stack: [0x0000003c9c500000,0x0000003c9c600000]
Native frames: (J=compiled Java code, j=interpreted, Vv=VM code, C=native code)
V  [jvm.dll+0x6886e9]
V  [jvm.dll+0x841e4a]
V  [jvm.dll+0x843a8e]
V  [jvm.dll+0x8440f3]
V  [jvm.dll+0x24c14f]
V  [jvm.dll+0x685499]
V  [jvm.dll+0x679c2a]
V  [jvm.dll+0x30cf9b]
V  [jvm.dll+0x314446]
V  [jvm.dll+0x36425e]
V  [jvm.dll+0x36448f]
V  [jvm.dll+0x2e2d68]
V  [jvm.dll+0x2e0f44]
V  [jvm.dll+0x2e054c]
V  [jvm.dll+0x3253fb]
V  [jvm.dll+0x8487eb]
V  [jvm.dll+0x849531]
V  [jvm.dll+0x849a4d]
V  [jvm.dll+0x849e24]
V  [jvm.dll+0x849ef0]
V  [jvm.dll+0x7f06aa]
V  [jvm.dll+0x687565]
C  [ucrtbase.dll+0x21bb2]
C  [KERNEL32.DLL+0x17344]
C  [ntdll.dll+0x526b1]

VM_Operation (0x0000003c9dcf41a0): G1CollectForAllocation, mode: safepoint, requested by thread 0x00000162ae691030


---------------  P R O C E S S  ---------------

Threads class SMR info:
_java_thread_list=0x00000162adfec180, length=44, elements={
0x000001628dd5e0a0, 0x00000162a736df40, 0x00000162a74a0080, 0x00000162a74d8ed0,
0x00000162a74e81b0, 0x00000162a74e9a30, 0x00000162a74eaaa0, 0x00000162a74ed8c0,
0x00000162a750f8d0, 0x00000162a75221d0, 0x00000162a72f05e0, 0x00000162a7772e80,
0x00000162adc1d4e0, 0x00000162ad9b90b0, 0x00000162adf7ab50, 0x00000162adc193c0,
0x00000162adce4da0, 0x00000162ad4e2320, 0x00000162ae691030, 0x00000162ad594850,
0x00000162ad04a030, 0x00000162ad1b8840, 0x00000162ad1b8d50, 0x00000162ad1b69e0,
0x00000162ad1b9770, 0x00000162ad1b9260, 0x00000162ad1b8330, 0x00000162ad1ba190,
0x00000162ad1b6ef0, 0x00000162ad1b7400, 0x00000162ad1b7e20, 0x00000162ad1b7910,
0x00000162ac0b53e0, 0x00000162ac0b6310, 0x00000162ac0b6820, 0x00000162ac0b95b0,
0x00000162ac0b7240, 0x00000162ac0b49c0, 0x00000162ac0b8b90, 0x00000162ac0b9ac0,
0x00000162a7693080, 0x00000162ac0b2650, 0x00000162ac0b7c60, 0x00000162ac0b3070
}

Java Threads: ( => current thread )
  0x000001628dd5e0a0 JavaThread "main" [_thread_blocked, id=4860, stack(0x0000003c9bf00000,0x0000003c9c000000)]
  0x00000162a736df40 JavaThread "Reference Handler" daemon [_thread_blocked, id=10780, stack(0x0000003c9c600000,0x0000003c9c700000)]
  0x00000162a74a0080 JavaThread "Finalizer" daemon [_thread_blocked, id=6648, stack(0x0000003c9c700000,0x0000003c9c800000)]
  0x00000162a74d8ed0 JavaThread "Signal Dispatcher" daemon [_thread_blocked, id=7756, stack(0x0000003c9c800000,0x0000003c9c900000)]
  0x00000162a74e81b0 JavaThread "Attach Listener" daemon [_thread_blocked, id=14992, stack(0x0000003c9c900000,0x0000003c9ca00000)]
  0x00000162a74e9a30 JavaThread "Service Thread" daemon [_thread_blocked, id=16896, stack(0x0000003c9ca00000,0x0000003c9cb00000)]
  0x00000162a74eaaa0 JavaThread "Monitor Deflation Thread" daemon [_thread_blocked, id=1160, stack(0x0000003c9cb00000,0x0000003c9cc00000)]
  0x00000162a74ed8c0 JavaThread "C2 CompilerThread0" daemon [_thread_blocked, id=5088, stack(0x0000003c9cc00000,0x0000003c9cd00000)]
  0x00000162a750f8d0 JavaThread "C1 CompilerThread0" daemon [_thread_blocked, id=280, stack(0x0000003c9cd00000,0x0000003c9ce00000)]
  0x00000162a75221d0 JavaThread "Sweeper thread" daemon [_thread_blocked, id=1260, stack(0x0000003c9ce00000,0x0000003c9cf00000)]
  0x00000162a72f05e0 JavaThread "Common-Cleaner" daemon [_thread_blocked, id=17008, stack(0x0000003c9cf00000,0x0000003c9d000000)]
  0x00000162a7772e80 JavaThread "Notification Thread" daemon [_thread_blocked, id=3748, stack(0x0000003c9d000000,0x0000003c9d100000)]
  0x00000162adc1d4e0 JavaThread "Daemon health stats" [_thread_blocked, id=2208, stack(0x0000003c9d600000,0x0000003c9d700000)]
  0x00000162ad9b90b0 JavaThread "Incoming local TCP Connector on port 58667" [_thread_in_native, id=4204, stack(0x0000003c9d700000,0x0000003c9d800000)]
  0x00000162adf7ab50 JavaThread "Daemon periodic checks" [_thread_blocked, id=18156, stack(0x0000003c9d800000,0x0000003c9d900000)]
  0x00000162adc193c0 JavaThread "Daemon" [_thread_blocked, id=5508, stack(0x0000003c9d900000,0x0000003c9da00000)]
  0x00000162adce4da0 JavaThread "Handler for socket connection from /127.0.0.1:58667 to /127.0.0.1:58668" [_thread_in_native, id=9316, stack(0x0000003c9da00000,0x0000003c9db00000)]
  0x00000162ad4e2320 JavaThread "Cancel handler" [_thread_blocked, id=19140, stack(0x0000003c9db00000,0x0000003c9dc00000)]
  0x00000162ae691030 JavaThread "Daemon worker" [_thread_blocked, id=9532, stack(0x0000003c9dc00000,0x0000003c9dd00000)]
  0x00000162ad594850 JavaThread "Asynchronous log dispatcher for DefaultDaemonConnection: socket connection from /127.0.0.1:58667 to /127.0.0.1:58668" [_thread_blocked, id=19564, stack(0x0000003c9dd00000,0x0000003c9de00000)]
  0x00000162ad04a030 JavaThread "Stdin handler" [_thread_blocked, id=19512, stack(0x0000003c9de00000,0x0000003c9df00000)]
  0x00000162ad1b8840 JavaThread "Daemon client event forwarder" [_thread_blocked, id=8700, stack(0x0000003c9df00000,0x0000003c9e000000)]
  0x00000162ad1b8d50 JavaThread "Cache worker for journal cache (C:\Users\Abdelrahman\.gradle\caches\journal-1)" [_thread_blocked, id=16268, stack(0x0000003c9e000000,0x0000003c9e100000)]
  0x00000162ad1b69e0 JavaThread "File lock request listener" [_thread_in_native, id=15444, stack(0x0000003c9e100000,0x0000003c9e200000)]
  0x00000162ad1b9770 JavaThread "Cache worker for file hash cache (C:\Users\Abdelrahman\.gradle\caches\8.4\fileHashes)" [_thread_blocked, id=17516, stack(0x0000003c9d200000,0x0000003c9d300000)]
  0x00000162ad1b9260 JavaThread "File watcher server" daemon [_thread_blocked, id=6832, stack(0x0000003c9e300000,0x0000003c9e400000)]
  0x00000162ad1b8330 JavaThread "File watcher consumer" daemon [_thread_blocked, id=5528, stack(0x0000003c9e400000,0x0000003c9e500000)]
  0x00000162ad1ba190 JavaThread "Cache worker for checksums cache (C:\Users\Abdelrahman\Documents\GitHub\InsominaEarser\.gradle\8.4\checksums)" [_thread_blocked, id=18852, stack(0x0000003c9e200000,0x0000003c9e300000)]
  0x00000162ad1b6ef0 JavaThread "Cache worker for file hash cache (C:\Users\Abdelrahman\Documents\GitHub\InsominaEarser\.gradle\8.4\fileHashes)" [_thread_blocked, id=16080, stack(0x0000003c9e500000,0x0000003c9e600000)]
  0x00000162ad1b7400 JavaThread "Cache worker for cache directory md-supplier (C:\Users\Abdelrahman\.gradle\caches\8.4\md-supplier)" [_thread_blocked, id=17976, stack(0x0000003c9e600000,0x0000003c9e700000)]
  0x00000162ad1b7e20 JavaThread "Cache worker for file content cache (C:\Users\Abdelrahman\.gradle\caches\8.4\fileContent)" [_thread_blocked, id=19068, stack(0x0000003c9e700000,0x0000003c9e800000)]
  0x00000162ad1b7910 JavaThread "Cache worker for cache directory md-rule (C:\Users\Abdelrahman\.gradle\caches\8.4\md-rule)" [_thread_blocked, id=7344, stack(0x0000003c9e800000,0x0000003c9e900000)]
  0x00000162ac0b53e0 JavaThread "Cache worker for execution history cache (C:\Users\Abdelrahman\.gradle\caches\8.4\executionHistory)" [_thread_blocked, id=17768, stack(0x0000003c9e900000,0x0000003c9ea00000)]
  0x00000162ac0b6310 JavaThread "Cache worker for kotlin-dsl (C:\Users\Abdelrahman\.gradle\caches\8.4\kotlin-dsl)" [_thread_blocked, id=20168, stack(0x0000003c9ec00000,0x0000003c9ed00000)]
  0x00000162ac0b6820 JavaThread "jar transforms" [_thread_blocked, id=21444, stack(0x0000003c9ed00000,0x0000003c9ee00000)]
  0x00000162ac0b95b0 JavaThread "jar transforms Thread 2" [_thread_blocked, id=17740, stack(0x0000003c9ee00000,0x0000003c9ef00000)]
  0x00000162ac0b7240 JavaThread "jar transforms Thread 3" [_thread_blocked, id=17124, stack(0x0000003c9ef00000,0x0000003c9f000000)]
  0x00000162ac0b49c0 JavaThread "jar transforms Thread 4" [_thread_blocked, id=18844, stack(0x0000003c9f000000,0x0000003c9f100000)]
  0x00000162ac0b8b90 JavaThread "Cache worker for dependencies-accessors (C:\Users\Abdelrahman\Documents\GitHub\InsominaEarser\.gradle\8.4\dependencies-accessors)" [_thread_blocked, id=6976, stack(0x0000003c9f100000,0x0000003c9f200000)]
  0x00000162ac0b9ac0 JavaThread "Cache worker for Build Output Cleanup Cache (C:\Users\Abdelrahman\Documents\GitHub\InsominaEarser\.gradle\buildOutputCleanup)" [_thread_blocked, id=2812, stack(0x0000003c9f200000,0x0000003c9f300000)]
  0x00000162a7693080 JavaThread "C2 CompilerThread1" daemon [_thread_blocked, id=17812, stack(0x0000003c9ea00000,0x0000003c9eb00000)]
  0x00000162ac0b2650 JavaThread "Unconstrained build operations" [_thread_blocked, id=18952, stack(0x0000003c9f400000,0x0000003c9f500000)]
  0x00000162ac0b7c60 JavaThread "Unconstrained build operations Thread 2" [_thread_blocked, id=10360, stack(0x0000003c9f500000,0x0000003c9f600000)]
  0x00000162ac0b3070 JavaThread "Unconstrained build operations Thread 3" [_thread_blocked, id=3196, stack(0x0000003c9f600000,0x0000003c9f700000)]

Other Threads:
=>0x00000162a730aac0 VMThread "VM Thread" [stack: 0x0000003c9c500000,0x0000003c9c600000] [id=20136]
  0x000001628dd5ef70 WatcherThread [stack: 0x0000003c9d100000,0x0000003c9d200000] [id=19444]
  0x000001628ddba6b0 GCTaskThread "GC Thread#0" [stack: 0x0000003c9c000000,0x0000003c9c100000] [id=11464]
  0x00000162ac1c9000 GCTaskThread "GC Thread#1" [stack: 0x0000003c9d300000,0x0000003c9d400000] [id=16640]
  0x00000162ac2b70b0 GCTaskThread "GC Thread#2" [stack: 0x0000003c9d400000,0x0000003c9d500000] [id=14228]
  0x00000162ac2b7370 GCTaskThread "GC Thread#3" [stack: 0x0000003c9d500000,0x0000003c9d600000] [id=18020]
  0x000001628ddcb510 ConcurrentGCThread "G1 Main Marker" [stack: 0x0000003c9c100000,0x0000003c9c200000] [id=21200]
  0x000001628ddcc5e0 ConcurrentGCThread "G1 Conc#0" [stack: 0x0000003c9c200000,0x0000003c9c300000] [id=18840]
  0x000001628de1d690 ConcurrentGCThread "G1 Refine#0" [stack: 0x0000003c9c300000,0x0000003c9c400000] [id=15384]
  0x00000162adb22430 ConcurrentGCThread "G1 Refine#1" [stack: 0x0000003c9eb00000,0x0000003c9ec00000] [id=5240]
  0x000001628de1dfd0 ConcurrentGCThread "G1 Service" [stack: 0x0000003c9c400000,0x0000003c9c500000] [id=17660]

Threads with active compile tasks:
C2 CompilerThread1    16234 8708       4       java.lang.invoke.InvokerBytecodeGenerator::emitImplicitConversion (161 bytes)

VM state: at safepoint (normal execution)

VM Mutex/Monitor currently owned by a thread:  ([mutex/lock_event])
[0x000001628dd593f0] Threads_lock - owner thread: 0x00000162a730aac0
[0x000001628dd5a200] Heap_lock - owner thread: 0x00000162ae691030

Heap address: 0x0000000080000000, size: 2048 MB, Compressed Oops mode: 32-bit

CDS archive(s) not mapped
Compressed class space mapped at: 0x0000000100000000-0x0000000140000000, reserved size: 1073741824
Narrow klass base: 0x0000000000000000, Narrow klass shift: 3, Narrow klass range: 0x140000000

GC Precious Log:
 CPUs: 4 total, 4 available
 Memory: 12165M
 Large Page Support: Disabled
 NUMA Support: Disabled
 Compressed Oops: Enabled (32-bit)
 Heap Region Size: 1M
 Heap Min Capacity: 8M
 Heap Initial Capacity: 192M
 Heap Max Capacity: 2G
 Pre-touch: Disabled
 Parallel Workers: 4
 Concurrent Workers: 1
 Concurrent Refinement Workers: 4
 Periodic GC: Disabled

Heap:
 garbage-first heap   total 128000K, used 71062K [0x0000000080000000, 0x0000000100000000)
  region size 1024K, 1 young (1024K), 1 survivors (1024K)
 Metaspace       used 74610K, committed 75200K, reserved 1179648K
  class space    used 9949K, committed 10240K, reserved 1048576K

Heap Regions: E=young(eden), S=young(survivor), O=old, HS=humongous(starts), HC=humongous(continues), CS=collection set, F=free, OA=open archive, CA=closed archive, TAMS=top-at-mark-start (previous, next)
|   0|0x0000000080000000, 0x0000000080100000, 0x0000000080100000|100%| O|  |TAMS 0x0000000080100000, 0x0000000080000000| Untracked 
|   1|0x0000000080100000, 0x0000000080200000, 0x0000000080200000|100%| O|  |TAMS 0x0000000080200000, 0x0000000080100000| Untracked 
|   2|0x0000000080200000, 0x0000000080300000, 0x0000000080300000|100%|HS|  |TAMS 0x0000000080300000, 0x0000000080200000| Complete 
|   3|0x0000000080300000, 0x0000000080400000, 0x0000000080400000|100%|HC|  |TAMS 0x0000000080400000, 0x0000000080300000| Complete 
|   4|0x0000000080400000, 0x0000000080500000, 0x0000000080500000|100%|HC|  |TAMS 0x0000000080500000, 0x0000000080400000| Complete 
|   5|0x0000000080500000, 0x0000000080600000, 0x0000000080600000|100%|HC|  |TAMS 0x0000000080600000, 0x0000000080500000| Complete 
|   6|0x0000000080600000, 0x0000000080700000, 0x0000000080700000|100%| O|  |TAMS 0x0000000080700000, 0x0000000080600000| Untracked 
|   7|0x0000000080700000, 0x0000000080800000, 0x0000000080800000|100%| O|  |TAMS 0x0000000080800000, 0x0000000080700000| Untracked 
|   8|0x0000000080800000, 0x0000000080900000, 0x0000000080900000|100%| O|  |TAMS 0x0000000080900000, 0x0000000080800000| Untracked 
|   9|0x0000000080900000, 0x0000000080a00000, 0x0000000080a00000|100%| O|  |TAMS 0x0000000080a00000, 0x0000000080900000| Untracked 
|  10|0x0000000080a00000, 0x0000000080acac00, 0x0000000080b00000| 79%| O|  |TAMS 0x0000000080acac00, 0x0000000080a00000| Untracked 
|  11|0x0000000080b00000, 0x0000000080c00000, 0x0000000080c00000|100%| O|  |TAMS 0x0000000080c00000, 0x0000000080b00000| Untracked 
|  12|0x0000000080c00000, 0x0000000080d00000, 0x0000000080d00000|100%| O|  |TAMS 0x0000000080d00000, 0x0000000080c00000| Untracked 
|  13|0x0000000080d00000, 0x0000000080e00000, 0x0000000080e00000|100%| O|  |TAMS 0x0000000080e00000, 0x0000000080d00000| Untracked 
|  14|0x0000000080e00000, 0x0000000080f00000, 0x0000000080f00000|100%| O|  |TAMS 0x0000000080f00000, 0x0000000080e00000| Untracked 
|  15|0x0000000080f00000, 0x0000000081000000, 0x0000000081000000|100%| O|  |TAMS 0x0000000081000000, 0x0000000080f00000| Untracked 
|  16|0x0000000081000000, 0x0000000081100000, 0x0000000081100000|100%| O|  |TAMS 0x0000000081100000, 0x0000000081000000| Untracked 
|  17|0x0000000081100000, 0x0000000081200000, 0x0000000081200000|100%| O|  |TAMS 0x0000000081200000, 0x0000000081100000| Untracked 
|  18|0x0000000081200000, 0x0000000081300000, 0x0000000081300000|100%| O|  |TAMS 0x0000000081300000, 0x0000000081200000| Untracked 
|  19|0x0000000081300000, 0x0000000081400000, 0x0000000081400000|100%| O|  |TAMS 0x0000000081400000, 0x0000000081300000| Untracked 
|  20|0x0000000081400000, 0x0000000081500000, 0x0000000081500000|100%| O|  |TAMS 0x0000000081500000, 0x0000000081400000| Untracked 
|  21|0x0000000081500000, 0x0000000081600000, 0x0000000081600000|100%| O|  |TAMS 0x0000000081600000, 0x0000000081500000| Untracked 
|  22|0x0000000081600000, 0x0000000081700000, 0x0000000081700000|100%| O|  |TAMS 0x0000000081700000, 0x0000000081600000| Untracked 
|  23|0x0000000081700000, 0x0000000081800000, 0x0000000081800000|100%| O|  |TAMS 0x0000000081800000, 0x0000000081700000| Untracked 
|  24|0x0000000081800000, 0x0000000081900000, 0x0000000081900000|100%| O|  |TAMS 0x0000000081900000, 0x0000000081800000| Untracked 
|  25|0x0000000081900000, 0x0000000081a00000, 0x0000000081a00000|100%| O|  |TAMS 0x0000000081a00000, 0x0000000081900000| Untracked 
|  26|0x0000000081a00000, 0x0000000081b00000, 0x0000000081b00000|100%| O|  |TAMS 0x0000000081b00000, 0x0000000081a00000| Untracked 
|  27|0x0000000081b00000, 0x0000000081c00000, 0x0000000081c00000|100%| O|  |TAMS 0x0000000081c00000, 0x0000000081b00000| Untracked 
|  28|0x0000000081c00000, 0x0000000081d00000, 0x0000000081d00000|100%| O|  |TAMS 0x0000000081d00000, 0x0000000081c00000| Untracked 
|  29|0x0000000081d00000, 0x0000000081e00000, 0x0000000081e00000|100%| O|  |TAMS 0x0000000081e00000, 0x0000000081d00000| Untracked 
|  30|0x0000000081e00000, 0x0000000081f00000, 0x0000000081f00000|100%| O|  |TAMS 0x0000000081f00000, 0x0000000081e00000| Untracked 
|  31|0x0000000081f00000, 0x0000000082000000, 0x0000000082000000|100%| O|  |TAMS 0x0000000082000000, 0x0000000081f00000| Untracked 
|  32|0x0000000082000000, 0x0000000082100000, 0x0000000082100000|100%| O|  |TAMS 0x0000000082100000, 0x0000000082000000| Untracked 
|  33|0x0000000082100000, 0x0000000082100000, 0x0000000082200000|  0%| F|  |TAMS 0x0000000082100000, 0x0000000082100000| Untracked 
|  34|0x0000000082200000, 0x0000000082300000, 0x0000000082300000|100%|HS|  |TAMS 0x0000000082200000, 0x0000000082200000| Complete 
|  35|0x0000000082300000, 0x0000000082400000, 0x0000000082400000|100%| O|  |TAMS 0x0000000082400000, 0x0000000082300000| Untracked 
|  36|0x0000000082400000, 0x0000000082500000, 0x0000000082500000|100%| O|  |TAMS 0x0000000082500000, 0x0000000082400000| Untracked 
|  37|0x0000000082500000, 0x0000000082600000, 0x0000000082600000|100%| O|  |TAMS 0x0000000082600000, 0x0000000082500000| Untracked 
|  38|0x0000000082600000, 0x0000000082700000, 0x0000000082700000|100%| O|  |TAMS 0x0000000082700000, 0x0000000082600000| Untracked 
|  39|0x0000000082700000, 0x0000000082800000, 0x0000000082800000|100%| O|  |TAMS 0x0000000082800000, 0x0000000082700000| Untracked 
|  40|0x0000000082800000, 0x0000000082900000, 0x0000000082900000|100%| O|  |TAMS 0x0000000082900000, 0x0000000082800000| Untracked 
|  41|0x0000000082900000, 0x0000000082a00000, 0x0000000082a00000|100%| O|  |TAMS 0x0000000082a00000, 0x0000000082900000| Untracked 
|  42|0x0000000082a00000, 0x0000000082b00000, 0x0000000082b00000|100%| O|  |TAMS 0x0000000082b00000, 0x0000000082a00000| Untracked 
|  43|0x0000000082b00000, 0x0000000082c00000, 0x0000000082c00000|100%| O|  |TAMS 0x0000000082c00000, 0x0000000082b00000| Untracked 
|  44|0x0000000082c00000, 0x0000000082d00000, 0x0000000082d00000|100%| O|  |TAMS 0x0000000082d00000, 0x0000000082c00000| Untracked 
|  45|0x0000000082d00000, 0x0000000082e00000, 0x0000000082e00000|100%| O|  |TAMS 0x0000000082e00000, 0x0000000082d00000| Untracked 
|  46|0x0000000082e00000, 0x0000000082f00000, 0x0000000082f00000|100%| O|  |TAMS 0x0000000082f00000, 0x0000000082e00000| Untracked 
|  47|0x0000000082f00000, 0x0000000083000000, 0x0000000083000000|100%| O|  |TAMS 0x0000000083000000, 0x0000000082f00000| Untracked 
|  48|0x0000000083000000, 0x0000000083100000, 0x0000000083100000|100%| O|  |TAMS 0x0000000083100000, 0x0000000083000000| Untracked 
|  49|0x0000000083100000, 0x0000000083200000, 0x0000000083200000|100%| O|  |TAMS 0x0000000083200000, 0x0000000083100000| Untracked 
|  50|0x0000000083200000, 0x0000000083200000, 0x0000000083300000|  0%| F|  |TAMS 0x0000000083200000, 0x0000000083200000| Untracked 
|  51|0x0000000083300000, 0x0000000083400000, 0x0000000083400000|100%|HS|  |TAMS 0x0000000083400000, 0x0000000083300000| Complete 
|  52|0x0000000083400000, 0x0000000083500000, 0x0000000083500000|100%|HS|  |TAMS 0x0000000083500000, 0x0000000083400000| Complete 
|  53|0x0000000083500000, 0x0000000083600000, 0x0000000083600000|100%|HS|  |TAMS 0x0000000083600000, 0x0000000083500000| Complete 
|  54|0x0000000083600000, 0x0000000083700000, 0x0000000083700000|100%|HS|  |TAMS 0x0000000083700000, 0x0000000083600000| Complete 
|  55|0x0000000083700000, 0x0000000083800000, 0x0000000083800000|100%|HC|  |TAMS 0x0000000083800000, 0x0000000083700000| Complete 
|  56|0x0000000083800000, 0x0000000083900000, 0x0000000083900000|100%|HS|  |TAMS 0x0000000083900000, 0x0000000083800000| Complete 
|  57|0x0000000083900000, 0x0000000083a00000, 0x0000000083a00000|100%|HC|  |TAMS 0x0000000083a00000, 0x0000000083900000| Complete 
|  58|0x0000000083a00000, 0x0000000083b00000, 0x0000000083b00000|100%|HS|  |TAMS 0x0000000083b00000, 0x0000000083a00000| Complete 
|  59|0x0000000083b00000, 0x0000000083c00000, 0x0000000083c00000|100%|HC|  |TAMS 0x0000000083c00000, 0x0000000083b00000| Complete 
|  60|0x0000000083c00000, 0x0000000083d00000, 0x0000000083d00000|100%|HC|  |TAMS 0x0000000083d00000, 0x0000000083c00000| Complete 
|  61|0x0000000083d00000, 0x0000000083e00000, 0x0000000083e00000|100%|HC|  |TAMS 0x0000000083e00000, 0x0000000083d00000| Complete 
|  62|0x0000000083e00000, 0x0000000083f00000, 0x0000000083f00000|100%|HS|  |TAMS 0x0000000083f00000, 0x0000000083e00000| Complete 
|  63|0x0000000083f00000, 0x0000000084000000, 0x0000000084000000|100%| O|  |TAMS 0x0000000084000000, 0x0000000083f00000| Untracked 
|  64|0x0000000084000000, 0x0000000084100000, 0x0000000084100000|100%| O|  |TAMS 0x0000000084100000, 0x0000000084000000| Untracked 
|  65|0x0000000084100000, 0x0000000084200000, 0x0000000084200000|100%| O|  |TAMS 0x0000000084200000, 0x0000000084100000| Untracked 
|  66|0x0000000084200000, 0x0000000084300000, 0x0000000084300000|100%| O|  |TAMS 0x0000000084300000, 0x0000000084200000| Untracked 
|  67|0x0000000084300000, 0x0000000084400000, 0x0000000084400000|100%| O|  |TAMS 0x0000000084400000, 0x0000000084300000| Untracked 
|  68|0x0000000084400000, 0x0000000084500000, 0x0000000084500000|100%| O|  |TAMS 0x0000000084500000, 0x0000000084400000| Untracked 
|  69|0x0000000084500000, 0x0000000084600000, 0x0000000084600000|100%| O|  |TAMS 0x0000000084600000, 0x0000000084500000| Untracked 
|  70|0x0000000084600000, 0x0000000084700000, 0x0000000084700000|100%| O|  |TAMS 0x0000000084613200, 0x0000000084600000| Untracked 
|  71|0x0000000084700000, 0x0000000084718c00, 0x0000000084800000|  9%| O|  |TAMS 0x0000000084700000, 0x0000000084700000| Untracked 
|  72|0x0000000084800000, 0x0000000084800000, 0x0000000084900000|  0%| F|  |TAMS 0x0000000084800000, 0x0000000084800000| Untracked 
|  73|0x0000000084900000, 0x0000000084900000, 0x0000000084a00000|  0%| F|  |TAMS 0x0000000084900000, 0x0000000084900000| Untracked 
|  74|0x0000000084a00000, 0x0000000084a00000, 0x0000000084b00000|  0%| F|  |TAMS 0x0000000084a00000, 0x0000000084a00000| Untracked 
|  75|0x0000000084b00000, 0x0000000084b00000, 0x0000000084c00000|  0%| F|  |TAMS 0x0000000084b00000, 0x0000000084b00000| Untracked 
|  76|0x0000000084c00000, 0x0000000084c00000, 0x0000000084d00000|  0%| F|  |TAMS 0x0000000084c00000, 0x0000000084c00000| Untracked 
|  77|0x0000000084d00000, 0x0000000084d00000, 0x0000000084e00000|  0%| F|  |TAMS 0x0000000084d00000, 0x0000000084d00000| Untracked 
|  78|0x0000000084e00000, 0x0000000084e00000, 0x0000000084f00000|  0%| F|  |TAMS 0x0000000084e00000, 0x0000000084e00000| Untracked 
|  79|0x0000000084f00000, 0x0000000084f00000, 0x0000000085000000|  0%| F|  |TAMS 0x0000000084f00000, 0x0000000084f00000| Untracked 
|  80|0x0000000085000000, 0x0000000085000000, 0x0000000085100000|  0%| F|  |TAMS 0x0000000085000000, 0x0000000085000000| Untracked 
|  81|0x0000000085100000, 0x0000000085100000, 0x0000000085200000|  0%| F|  |TAMS 0x0000000085100000, 0x0000000085100000| Untracked 
|  82|0x0000000085200000, 0x0000000085200000, 0x0000000085300000|  0%| F|  |TAMS 0x0000000085200000, 0x0000000085200000| Untracked 
|  83|0x0000000085300000, 0x0000000085300000, 0x0000000085400000|  0%| F|  |TAMS 0x0000000085300000, 0x0000000085300000| Untracked 
|  84|0x0000000085400000, 0x0000000085400000, 0x0000000085500000|  0%| F|  |TAMS 0x0000000085400000, 0x0000000085400000| Untracked 
|  85|0x0000000085500000, 0x0000000085500000, 0x0000000085600000|  0%| F|  |TAMS 0x0000000085500000, 0x0000000085500000| Untracked 
|  86|0x0000000085600000, 0x0000000085600000, 0x0000000085700000|  0%| F|  |TAMS 0x0000000085600000, 0x0000000085600000| Untracked 
|  87|0x0000000085700000, 0x0000000085700000, 0x0000000085800000|  0%| F|  |TAMS 0x0000000085700000, 0x0000000085700000| Untracked 
|  88|0x0000000085800000, 0x0000000085800000, 0x0000000085900000|  0%| F|  |TAMS 0x0000000085800000, 0x0000000085800000| Untracked 
|  89|0x0000000085900000, 0x0000000085900000, 0x0000000085a00000|  0%| F|  |TAMS 0x0000000085900000, 0x0000000085900000| Untracked 
|  90|0x0000000085a00000, 0x0000000085a00000, 0x0000000085b00000|  0%| F|  |TAMS 0x0000000085a00000, 0x0000000085a00000| Untracked 
|  91|0x0000000085b00000, 0x0000000085b00000, 0x0000000085c00000|  0%| F|  |TAMS 0x0000000085b00000, 0x0000000085b00000| Untracked 
|  92|0x0000000085c00000, 0x0000000085c00000, 0x0000000085d00000|  0%| F|  |TAMS 0x0000000085c00000, 0x0000000085c00000| Untracked 
|  93|0x0000000085d00000, 0x0000000085d00000, 0x0000000085e00000|  0%| F|  |TAMS 0x0000000085d00000, 0x0000000085d00000| Untracked 
|  94|0x0000000085e00000, 0x0000000085e00000, 0x0000000085f00000|  0%| F|  |TAMS 0x0000000085e00000, 0x0000000085e00000| Untracked 
|  95|0x0000000085f00000, 0x0000000085f00000, 0x0000000086000000|  0%| F|  |TAMS 0x0000000085f00000, 0x0000000085f00000| Untracked 
|  96|0x0000000086000000, 0x0000000086000000, 0x0000000086100000|  0%| F|  |TAMS 0x0000000086000000, 0x0000000086000000| Untracked 
|  97|0x0000000086100000, 0x0000000086100000, 0x0000000086200000|  0%| F|  |TAMS 0x0000000086100000, 0x0000000086100000| Untracked 
|  98|0x0000000086200000, 0x0000000086200000, 0x0000000086300000|  0%| F|  |TAMS 0x0000000086200000, 0x0000000086200000| Untracked 
|  99|0x0000000086300000, 0x0000000086300000, 0x0000000086400000|  0%| F|  |TAMS 0x0000000086300000, 0x0000000086300000| Untracked 
| 100|0x0000000086400000, 0x0000000086400000, 0x0000000086500000|  0%| F|  |TAMS 0x0000000086400000, 0x0000000086400000| Untracked 
| 101|0x0000000086500000, 0x0000000086500000, 0x0000000086600000|  0%| F|  |TAMS 0x0000000086500000, 0x0000000086500000| Untracked 
| 102|0x0000000086600000, 0x0000000086600000, 0x0000000086700000|  0%| F|  |TAMS 0x0000000086600000, 0x0000000086600000| Untracked 
| 103|0x0000000086700000, 0x0000000086700000, 0x0000000086800000|  0%| F|  |TAMS 0x0000000086700000, 0x0000000086700000| Untracked 
| 104|0x0000000086800000, 0x0000000086800000, 0x0000000086900000|  0%| F|  |TAMS 0x0000000086800000, 0x0000000086800000| Untracked 
| 105|0x0000000086900000, 0x0000000086900000, 0x0000000086a00000|  0%| F|  |TAMS 0x0000000086900000, 0x0000000086900000| Untracked 
| 106|0x0000000086a00000, 0x0000000086a00000, 0x0000000086b00000|  0%| F|  |TAMS 0x0000000086a00000, 0x0000000086a00000| Untracked 
| 107|0x0000000086b00000, 0x0000000086b00000, 0x0000000086c00000|  0%| F|  |TAMS 0x0000000086b00000, 0x0000000086b00000| Untracked 
| 108|0x0000000086c00000, 0x0000000086c00000, 0x0000000086d00000|  0%| F|  |TAMS 0x0000000086c00000, 0x0000000086c00000| Untracked 
| 109|0x0000000086d00000, 0x0000000086d00000, 0x0000000086e00000|  0%| F|  |TAMS 0x0000000086d00000, 0x0000000086d00000| Untracked 
| 110|0x0000000086e00000, 0x0000000086e00000, 0x0000000086f00000|  0%| F|  |TAMS 0x0000000086e00000, 0x0000000086e00000| Untracked 
| 111|0x0000000086f00000, 0x0000000086f00000, 0x0000000087000000|  0%| F|  |TAMS 0x0000000086f00000, 0x0000000086f00000| Untracked 
| 112|0x0000000087000000, 0x0000000087000000, 0x0000000087100000|  0%| F|  |TAMS 0x0000000087000000, 0x0000000087000000| Untracked 
| 113|0x0000000087100000, 0x0000000087100000, 0x0000000087200000|  0%| F|  |TAMS 0x0000000087100000, 0x0000000087100000| Untracked 
| 114|0x0000000087200000, 0x0000000087200000, 0x0000000087300000|  0%| F|  |TAMS 0x0000000087200000, 0x0000000087200000| Untracked 
| 138|0x0000000088a00000, 0x0000000088a00000, 0x0000000088b00000|  0%| F|  |TAMS 0x0000000088a00000, 0x0000000088a00000| Untracked 
| 139|0x0000000088b00000, 0x0000000088b00000, 0x0000000088c00000|  0%| F|  |TAMS 0x0000000088b00000, 0x0000000088b00000| Untracked 
| 140|0x0000000088c00000, 0x0000000088c00000, 0x0000000088d00000|  0%| F|  |TAMS 0x0000000088c00000, 0x0000000088c00000| Untracked 
| 141|0x0000000088d00000, 0x0000000088d00000, 0x0000000088e00000|  0%| F|  |TAMS 0x0000000088d00000, 0x0000000088d00000| Untracked 
| 142|0x0000000088e00000, 0x0000000088e82278, 0x0000000088f00000| 50%| S|CS|TAMS 0x0000000088e00000, 0x0000000088e00000| Complete 
| 143|0x0000000088f00000, 0x0000000088f00000, 0x0000000089000000|  0%| F|  |TAMS 0x0000000088f00000, 0x0000000088f00000| Untracked 
| 144|0x0000000089000000, 0x0000000089000000, 0x0000000089100000|  0%| F|  |TAMS 0x0000000089000000, 0x0000000089000000| Untracked 
| 145|0x0000000089100000, 0x0000000089100000, 0x0000000089200000|  0%| F|  |TAMS 0x0000000089100000, 0x0000000089100000| Untracked 
| 190|0x000000008be00000, 0x000000008be00000, 0x000000008bf00000|  0%| F|  |TAMS 0x000000008be00000, 0x000000008be00000| Untracked 
| 191|0x000000008bf00000, 0x000000008bf00000, 0x000000008c000000|  0%| F|  |TAMS 0x000000008bf00000, 0x000000008bf00000| Untracked 

Card table byte_map: [0x00000162a0640000,0x00000162a0a40000] _byte_map_base: 0x00000162a0240000

Marking Bits (Prev, Next): (CMBitMap*) 0x000001628ddbabe0, (CMBitMap*) 0x000001628ddbac20
 Prev Bits: [0x00000162a0e40000, 0x00000162a2e40000)
 Next Bits: [0x00000162a2e40000, 0x00000162a4e40000)

Polling page: 0x000001628bcc0000

Metaspace:

Usage:
  Non-class:     63.15 MB used.
      Class:      9.72 MB used.
       Both:     72.86 MB used.

Virtual space:
  Non-class space:      128.00 MB reserved,      63.44 MB ( 50%) committed,  2 nodes.
      Class space:        1.00 GB reserved,      10.00 MB ( <1%) committed,  1 nodes.
             Both:        1.12 GB reserved,      73.44 MB (  6%) committed. 

Chunk freelists:
   Non-Class:  15.83 MB
       Class:  6.01 MB
        Both:  21.84 MB

MaxMetaspaceSize: unlimited
CompressedClassSpaceSize: 1.00 GB
Initial GC threshold: 21.00 MB
Current GC threshold: 120.62 MB
CDS: off
MetaspaceReclaimPolicy: balanced
 - commit_granule_bytes: 65536.
 - commit_granule_words: 8192.
 - virtual_space_node_default_size: 8388608.
 - enlarge_chunks_in_place: 1.
 - new_chunks_are_fully_committed: 0.
 - uncommit_free_chunks: 1.
 - use_allocation_guard: 0.
 - handle_deallocations: 1.


Internal statistics:

num_allocs_failed_limit: 6.
num_arena_births: 754.
num_arena_deaths: 0.
num_vsnodes_births: 3.
num_vsnodes_deaths: 0.
num_space_committed: 1175.
num_space_uncommitted: 0.
num_chunks_returned_to_freelist: 6.
num_chunks_taken_from_freelist: 3139.
num_chunk_merges: 3.
num_chunk_splits: 2142.
num_chunks_enlarged: 1497.
num_inconsistent_stats: 0.

CodeHeap 'non-profiled nmethods': size=120000Kb used=4234Kb max_used=4234Kb free=115765Kb
 bounds [0x0000016298d10000, 0x0000016299140000, 0x00000162a0240000]
CodeHeap 'profiled nmethods': size=120000Kb used=15616Kb max_used=15616Kb free=104383Kb
 bounds [0x0000016291240000, 0x0000016292190000, 0x0000016298770000]
CodeHeap 'non-nmethods': size=5760Kb used=1681Kb max_used=1767Kb free=4078Kb
 bounds [0x0000016298770000, 0x00000162989e0000, 0x0000016298d10000]
 total_blobs=8561 nmethods=7799 adapters=674
 compilation: enabled
              stopped_count=0, restarted_count=0
 full_count=0

Compilation events (20 events):
Event: 16.019 Thread 0x00000162a750f8d0 8706       3       org.gradle.internal.event.ListenerBroadcast::dispatch (9 bytes)
Event: 16.019 Thread 0x00000162a750f8d0 nmethod 8706 0x000001629217d690 code [0x000001629217d840, 0x000001629217da08]
Event: 16.113 Thread 0x00000162a7693080 nmethod 8691 0x000001629912d090 code [0x000001629912d320, 0x0000016299130228]
Event: 16.151 Thread 0x00000162a750f8d0 8707       3       java.lang.invoke.InvokerBytecodeGenerator::<init> (126 bytes)
Event: 16.151 Thread 0x00000162a7693080 8708       4       java.lang.invoke.InvokerBytecodeGenerator::emitImplicitConversion (161 bytes)
Event: 16.153 Thread 0x00000162a750f8d0 nmethod 8707 0x000001629217db10 code [0x000001629217de00, 0x000001629217ef48]
Event: 16.159 Thread 0x00000162a750f8d0 8709       3       java.lang.invoke.LambdaFormBuffer::indexOf (25 bytes)
Event: 16.159 Thread 0x00000162a750f8d0 nmethod 8709 0x000001629217f510 code [0x000001629217f6c0, 0x000001629217f8d8]
Event: 16.161 Thread 0x00000162a750f8d0 8710       1       com.android.build.gradle.options.Stage::getStatus (5 bytes)
Event: 16.161 Thread 0x00000162a750f8d0 nmethod 8710 0x0000016299131990 code [0x0000016299131b20, 0x0000016299131bf8]
Event: 16.168 Thread 0x00000162a74ed8c0 8711       4       java.lang.Enum::hashCode (5 bytes)
Event: 16.168 Thread 0x00000162a750f8d0 8712       3       com.google.common.collect.CollectPreconditions::checkEntryNotNull (68 bytes)
Event: 16.168 Thread 0x00000162a750f8d0 nmethod 8712 0x000001629217fa10 code [0x000001629217fc60, 0x0000016292180168]
Event: 16.168 Thread 0x00000162a750f8d0 8713       1       com.google.common.collect.ImmutableEntry::getKey (5 bytes)
Event: 16.168 Thread 0x00000162a750f8d0 nmethod 8713 0x0000016299131c90 code [0x0000016299131e20, 0x0000016299131ef8]
Event: 16.168 Thread 0x00000162a750f8d0 8714       1       com.google.common.collect.ImmutableEntry::getValue (5 bytes)
Event: 16.168 Thread 0x00000162a750f8d0 nmethod 8714 0x0000016299132290 code [0x0000016299132420, 0x00000162991324f8]
Event: 16.168 Thread 0x00000162a74ed8c0 nmethod 8711 0x0000016299131f90 code [0x0000016299132120, 0x00000162991321e8]
Event: 16.176 Thread 0x00000162a750f8d0 8715       1       com.google.common.collect.ImmutableMapEntry::isReusable (2 bytes)
Event: 16.176 Thread 0x00000162a750f8d0 nmethod 8715 0x0000016299132590 code [0x0000016299132720, 0x00000162991327f8]

GC Heap History (20 events):
Event: 11.021 GC heap after
{Heap after GC invocations=19 (full 0):
 garbage-first heap   total 71680K, used 40860K [0x0000000080000000, 0x0000000100000000)
  region size 1024K, 1 young (1024K), 1 survivors (1024K)
 Metaspace       used 59775K, committed 60224K, reserved 1114112K
  class space    used 7937K, committed 8128K, reserved 1048576K
}
Event: 11.422 GC heap before
{Heap before GC invocations=19 (full 0):
 garbage-first heap   total 71680K, used 57244K [0x0000000080000000, 0x0000000100000000)
  region size 1024K, 17 young (17408K), 1 survivors (1024K)
 Metaspace       used 61703K, committed 62208K, reserved 1114112K
  class space    used 8278K, committed 8512K, reserved 1048576K
}
Event: 11.427 GC heap after
{Heap after GC invocations=20 (full 0):
 garbage-first heap   total 71680K, used 41401K [0x0000000080000000, 0x0000000100000000)
  region size 1024K, 2 young (2048K), 2 survivors (2048K)
 Metaspace       used 61703K, committed 62208K, reserved 1114112K
  class space    used 8278K, committed 8512K, reserved 1048576K
}
Event: 11.964 GC heap before
{Heap before GC invocations=21 (full 0):
 garbage-first heap   total 76800K, used 56761K [0x0000000080000000, 0x0000000100000000)
  region size 1024K, 18 young (18432K), 2 survivors (2048K)
 Metaspace       used 63401K, committed 63936K, reserved 1114112K
  class space    used 8528K, committed 8768K, reserved 1048576K
}
Event: 11.969 GC heap after
{Heap after GC invocations=22 (full 0):
 garbage-first heap   total 92160K, used 42430K [0x0000000080000000, 0x0000000100000000)
  region size 1024K, 3 young (3072K), 3 survivors (3072K)
 Metaspace       used 63401K, committed 63936K, reserved 1114112K
  class space    used 8528K, committed 8768K, reserved 1048576K
}
Event: 12.899 GC heap before
{Heap before GC invocations=22 (full 0):
 garbage-first heap   total 92160K, used 72126K [0x0000000080000000, 0x0000000100000000)
  region size 1024K, 33 young (33792K), 3 survivors (3072K)
 Metaspace       used 70185K, committed 70720K, reserved 1114112K
  class space    used 9410K, committed 9664K, reserved 1048576K
}
Event: 12.907 GC heap after
{Heap after GC invocations=23 (full 0):
 garbage-first heap   total 92160K, used 45368K [0x0000000080000000, 0x0000000100000000)
  region size 1024K, 5 young (5120K), 5 survivors (5120K)
 Metaspace       used 70185K, committed 70720K, reserved 1114112K
  class space    used 9410K, committed 9664K, reserved 1048576K
}
Event: 14.579 GC heap before
{Heap before GC invocations=23 (full 0):
 garbage-first heap   total 92160K, used 73016K [0x0000000080000000, 0x0000000100000000)
  region size 1024K, 33 young (33792K), 5 survivors (5120K)
 Metaspace       used 71840K, committed 72384K, reserved 1114112K
  class space    used 9574K, committed 9856K, reserved 1048576K
}
Event: 14.591 GC heap after
{Heap after GC invocations=24 (full 0):
 garbage-first heap   total 92160K, used 51435K [0x0000000080000000, 0x0000000100000000)
  region size 1024K, 5 young (5120K), 5 survivors (5120K)
 Metaspace       used 71840K, committed 72384K, reserved 1114112K
  class space    used 9574K, committed 9856K, reserved 1048576K
}
Event: 14.808 GC heap before
{Heap before GC invocations=24 (full 0):
 garbage-first heap   total 92160K, used 61675K [0x0000000080000000, 0x0000000100000000)
  region size 1024K, 16 young (16384K), 5 survivors (5120K)
 Metaspace       used 72142K, committed 72704K, reserved 1114112K
  class space    used 9611K, committed 9920K, reserved 1048576K
}
Event: 14.814 GC heap after
{Heap after GC invocations=25 (full 0):
 garbage-first heap   total 92160K, used 53101K [0x0000000080000000, 0x0000000100000000)
  region size 1024K, 2 young (2048K), 2 survivors (2048K)
 Metaspace       used 72142K, committed 72704K, reserved 1114112K
  class space    used 9611K, committed 9920K, reserved 1048576K
}
Event: 15.357 GC heap before
{Heap before GC invocations=26 (full 0):
 garbage-first heap   total 99328K, used 83821K [0x0000000080000000, 0x0000000100000000)
  region size 1024K, 21 young (21504K), 2 survivors (2048K)
 Metaspace       used 72889K, committed 73536K, reserved 1114112K
  class space    used 9731K, committed 10048K, reserved 1048576K
}
Event: 15.363 GC heap after
{Heap after GC invocations=27 (full 0):
 garbage-first heap   total 99328K, used 71467K [0x0000000080000000, 0x0000000100000000)
  region size 1024K, 3 young (3072K), 3 survivors (3072K)
 Metaspace       used 72889K, committed 73536K, reserved 1114112K
  class space    used 9731K, committed 10048K, reserved 1048576K
}
Event: 15.384 GC heap before
{Heap before GC invocations=27 (full 0):
 garbage-first heap   total 99328K, used 71467K [0x0000000080000000, 0x0000000100000000)
  region size 1024K, 4 young (4096K), 3 survivors (3072K)
 Metaspace       used 72970K, committed 73600K, reserved 1114112K
  class space    used 9743K, committed 10048K, reserved 1048576K
}
Event: 15.387 GC heap after
{Heap after GC invocations=28 (full 0):
 garbage-first heap   total 99328K, used 70678K [0x0000000080000000, 0x0000000100000000)
  region size 1024K, 1 young (1024K), 1 survivors (1024K)
 Metaspace       used 72970K, committed 73600K, reserved 1114112K
  class space    used 9743K, committed 10048K, reserved 1048576K
}
Event: 15.496 GC heap before
{Heap before GC invocations=28 (full 0):
 garbage-first heap   total 99328K, used 75798K [0x0000000080000000, 0x0000000100000000)
  region size 1024K, 8 young (8192K), 1 survivors (1024K)
 Metaspace       used 73382K, committed 73984K, reserved 1114112K
  class space    used 9776K, committed 10048K, reserved 1048576K
}
Event: 15.498 GC heap after
{Heap after GC invocations=29 (full 0):
 garbage-first heap   total 99328K, used 71123K [0x0000000080000000, 0x0000000100000000)
  region size 1024K, 1 young (1024K), 1 survivors (1024K)
 Metaspace       used 73382K, committed 73984K, reserved 1114112K
  class space    used 9776K, committed 10048K, reserved 1048576K
}
Event: 15.851 GC heap before
{Heap before GC invocations=30 (full 0):
 garbage-first heap   total 128000K, used 82387K [0x0000000080000000, 0x0000000100000000)
  region size 1024K, 12 young (12288K), 1 survivors (1024K)
 Metaspace       used 74206K, committed 74816K, reserved 1114112K
  class space    used 9886K, committed 10176K, reserved 1048576K
}
Event: 15.854 GC heap after
{Heap after GC invocations=31 (full 0):
 garbage-first heap   total 128000K, used 72469K [0x0000000080000000, 0x0000000100000000)
  region size 1024K, 1 young (1024K), 1 survivors (1024K)
 Metaspace       used 74206K, committed 74816K, reserved 1114112K
  class space    used 9886K, committed 10176K, reserved 1048576K
}
Event: 16.177 GC heap before
{Heap before GC invocations=31 (full 0):
 garbage-first heap   total 128000K, used 77589K [0x0000000080000000, 0x0000000100000000)
  region size 1024K, 6 young (6144K), 1 survivors (1024K)
 Metaspace       used 74610K, committed 75200K, reserved 1179648K
  class space    used 9949K, committed 10240K, reserved 1048576K
}

Dll operation events (3 events):
Event: 0.021 Loaded shared library C:\Program Files\Android\Android Studio\jbr\bin\java.dll
Event: 0.227 Loaded shared library C:\Program Files\Android\Android Studio\jbr\bin\zip.dll
Event: 0.692 Loaded shared library C:\Program Files\Android\Android Studio\jbr\bin\verify.dll

Deoptimization events (20 events):
Event: 15.323 Thread 0x00000162ae691030 DEOPT PACKING pc=0x0000016298e71ce8 sp=0x0000003c9dcf6c80
Event: 15.323 Thread 0x00000162ae691030 DEOPT UNPACKING pc=0x00000162987c69a3 sp=0x0000003c9dcf6c18 mode 2
Event: 15.323 Thread 0x00000162ae691030 Uncommon trap: trap_request=0xffffffc6 fr.pc=0x0000016298db7448 relative=0x00000000000009c8
Event: 15.323 Thread 0x00000162ae691030 Uncommon trap: reason=bimorphic_or_optimized_type_check action=maybe_recompile pc=0x0000016298db7448 method=java.io.BufferedInputStream.read1([BII)I @ 39 c2
Event: 15.323 Thread 0x00000162ae691030 DEOPT PACKING pc=0x0000016298db7448 sp=0x0000003c9dcf6b70
Event: 15.323 Thread 0x00000162ae691030 DEOPT UNPACKING pc=0x00000162987c69a3 sp=0x0000003c9dcf6a88 mode 2
Event: 15.323 Thread 0x00000162ae691030 Uncommon trap: trap_request=0xffffffc6 fr.pc=0x0000016298db7448 relative=0x00000000000009c8
Event: 15.323 Thread 0x00000162ae691030 Uncommon trap: reason=bimorphic_or_optimized_type_check action=maybe_recompile pc=0x0000016298db7448 method=java.io.BufferedInputStream.read1([BII)I @ 39 c2
Event: 15.323 Thread 0x00000162ae691030 DEOPT PACKING pc=0x0000016298db7448 sp=0x0000003c9dcf6bb0
Event: 15.323 Thread 0x00000162ae691030 DEOPT UNPACKING pc=0x00000162987c69a3 sp=0x0000003c9dcf6ac8 mode 2
Event: 15.372 Thread 0x00000162ae691030 DEOPT PACKING pc=0x00000162913464e3 sp=0x0000003c9dcf1770
Event: 15.372 Thread 0x00000162ae691030 DEOPT UNPACKING pc=0x00000162987c7143 sp=0x0000003c9dcf0c80 mode 0
Event: 15.446 Thread 0x00000162ae691030 Uncommon trap: trap_request=0xffffffde fr.pc=0x0000016299042a28 relative=0x0000000000006808
Event: 15.446 Thread 0x00000162ae691030 Uncommon trap: reason=class_check action=maybe_recompile pc=0x0000016299042a28 method=java.util.jar.JarFile.getManifestFromReference()Ljava/util/jar/Manifest; @ 152 c2
Event: 15.446 Thread 0x00000162ae691030 DEOPT PACKING pc=0x0000016299042a28 sp=0x0000003c9dcf6630
Event: 15.446 Thread 0x00000162ae691030 DEOPT UNPACKING pc=0x00000162987c69a3 sp=0x0000003c9dcf62f0 mode 2
Event: 15.745 Thread 0x00000162ae691030 Uncommon trap: trap_request=0xffffffde fr.pc=0x0000016299086c08 relative=0x0000000000000068
Event: 15.745 Thread 0x00000162ae691030 Uncommon trap: reason=class_check action=maybe_recompile pc=0x0000016299086c08 method=java.lang.invoke.Invokers$Holder.linkToTargetMethod(Ljava/lang/Object;Ljava/lang/Object;Ljava/lang/Object;Ljava/lang/Object;Ljava/lang/Object;)Ljava/lang/Object; @ 2 c2
Event: 15.745 Thread 0x00000162ae691030 DEOPT PACKING pc=0x0000016299086c08 sp=0x0000003c9dcf6e60
Event: 15.745 Thread 0x00000162ae691030 DEOPT UNPACKING pc=0x00000162987c69a3 sp=0x0000003c9dcf6de8 mode 2

Classes unloaded (0 events):
No events

Classes redefined (0 events):
No events

Internal exceptions (20 events):
Event: 12.107 Thread 0x00000162ae691030 Exception <a 'java/lang/NoSuchMethodError'{0x0000000088d0b320}: 'void java.lang.invoke.DirectMethodHandle$Holder.invokeStatic(java.lang.Object, java.lang.Object, java.lang.Object, int, java.lang.Object)'> (0x0000000088d0b320) 
thrown [s\src\hotspot\share\interpreter\linkResolver.cpp, line 771]
Event: 12.129 Thread 0x00000162ae691030 Implicit null exception at 0x0000016298d4cb72 to 0x0000016298d4d18c
Event: 12.179 Thread 0x00000162ae691030 Exception <a 'sun/nio/fs/WindowsException'{0x0000000088a1e480}> (0x0000000088a1e480) 
thrown [s\src\hotspot\share\prims\jni.cpp, line 517]
Event: 13.133 Thread 0x00000162ae691030 Implicit null exception at 0x0000016298d4bef2 to 0x0000016298d4c52c
Event: 14.593 Thread 0x00000162a74a0080 Implicit null exception at 0x0000016298fbf6e0 to 0x0000016298fbf780
Event: 14.681 Thread 0x00000162ae691030 Exception <a 'java/lang/NoSuchMethodError'{0x0000000088ebd388}: 'long java.lang.invoke.DirectMethodHandle$Holder.invokeVirtual(java.lang.Object, java.lang.Object)'> (0x0000000088ebd388) 
thrown [s\src\hotspot\share\interpreter\linkResolver.cpp, line 771]
Event: 14.685 Thread 0x00000162ad1b8840 Exception <a 'java/lang/NoSuchMethodError'{0x0000000088d05d18}: static Lorg/gradle/internal/build/event/types/DefaultOperationFinishedProgressEvent;.<clinit>()V> (0x0000000088d05d18) 
thrown [s\src\hotspot\share\prims\jni.cpp, line 1108]
Event: 14.689 Thread 0x00000162ad1b8840 Exception <a 'java/lang/NoSuchMethodError'{0x0000000088d33da0}: static Lorg/gradle/internal/build/event/types/DefaultProjectConfigurationSuccessResult;.<clinit>()V> (0x0000000088d33da0) 
thrown [s\src\hotspot\share\prims\jni.cpp, line 1108]
Event: 14.689 Thread 0x00000162ad1b8840 Exception <a 'java/lang/NoSuchMethodError'{0x0000000088d35338}: static Lorg/gradle/internal/build/event/types/AbstractProjectConfigurationResult;.<clinit>()V> (0x0000000088d35338) 
thrown [s\src\hotspot\share\prims\jni.cpp, line 1108]
Event: 14.689 Thread 0x00000162ad1b8840 Exception <a 'java/lang/NoSuchMethodError'{0x0000000088d36a80}: static Lorg/gradle/internal/build/event/types/AbstractOperationResult;.<clinit>()V> (0x0000000088d36a80) 
thrown [s\src\hotspot\share\prims\jni.cpp, line 1108]
Event: 14.689 Thread 0x00000162ad1b8840 Exception <a 'java/lang/NoSuchMethodError'{0x0000000088d37ef8}: static Lorg/gradle/internal/build/event/types/AbstractResult;.<clinit>()V> (0x0000000088d37ef8) 
thrown [s\src\hotspot\share\prims\jni.cpp, line 1108]
Event: 14.692 Thread 0x00000162ad1b8840 Exception <a 'java/lang/NoSuchMethodError'{0x0000000088d50c38}: static Lorg/gradle/internal/build/event/types/DefaultPluginApplicationResult;.<clinit>()V> (0x0000000088d50c38) 
thrown [s\src\hotspot\share\prims\jni.cpp, line 1108]
Event: 14.693 Thread 0x00000162ad1b8840 Exception <a 'java/lang/NoSuchMethodError'{0x0000000088d5d5f0}: static Lorg/gradle/internal/build/event/types/DefaultBinaryPluginIdentifier;.<clinit>()V> (0x0000000088d5d5f0) 
thrown [s\src\hotspot\share\prims\jni.cpp, line 1108]
Event: 14.699 Thread 0x00000162ad1b8840 Exception <a 'java/lang/NoSuchMethodError'{0x0000000088c0fc38}: static Lorg/gradle/internal/build/event/types/DefaultScriptPluginIdentifier;.<clinit>()V> (0x0000000088c0fc38) 
thrown [s\src\hotspot\share\prims\jni.cpp, line 1108]
Event: 14.781 Thread 0x00000162ae691030 Implicit null exception at 0x000001629906f90f to 0x00000162990701d4
Event: 14.782 Thread 0x00000162ae691030 Implicit null exception at 0x000001629906e796 to 0x000001629906f038
Event: 14.996 Thread 0x00000162ae691030 Exception <a 'java/lang/NoSuchMethodError'{0x0000000088f11ba8}: 'void java.lang.invoke.Invokers$Holder.invoke_MT(java.lang.Object, java.lang.Object, java.lang.Object, java.lang.Object)'> (0x0000000088f11ba8) 
thrown [s\src\hotspot\share\interpreter\linkResolver.cpp, line 771]
Event: 15.139 Thread 0x00000162ae691030 Exception <a 'java/lang/ClassNotFoundException'{0x0000000088adf748}: sun/misc/SharedSecrets> (0x0000000088adf748) 
thrown [s\src\hotspot\share\classfile\systemDictionary.cpp, line 256]
Event: 15.139 Thread 0x00000162ae691030 Exception <a 'java/lang/ClassNotFoundException'{0x0000000088ae0d20}: org/gradle/api/internal/plugins/DefaultObjectConfigurationActionBeanInfo> (0x0000000088ae0d20) 
thrown [s\src\hotspot\share\classfile\systemDictionary.cpp, line 256]
Event: 15.141 Thread 0x00000162ae691030 Exception <a 'java/lang/ClassNotFoundException'{0x0000000088af7840}: org/gradle/api/internal/plugins/DefaultObjectConfigurationActionCustomizer> (0x0000000088af7840) 
thrown [s\src\hotspot\share\classfile\systemDictionary.cpp, line 256]

VM Operations (20 events):
Event: 14.814 Executing VM operation: G1TryInitiateConcMark done
Event: 14.912 Executing VM operation: G1PauseRemark
Event: 14.916 Executing VM operation: G1PauseRemark done
Event: 14.966 Executing VM operation: G1PauseCleanup
Event: 14.966 Executing VM operation: G1PauseCleanup done
Event: 15.357 Executing VM operation: G1CollectForAllocation
Event: 15.363 Executing VM operation: G1CollectForAllocation done
Event: 15.384 Executing VM operation: G1CollectForAllocation
Event: 15.387 Executing VM operation: G1CollectForAllocation done
Event: 15.496 Executing VM operation: G1TryInitiateConcMark
Event: 15.498 Executing VM operation: G1TryInitiateConcMark done
Event: 15.601 Executing VM operation: G1PauseRemark
Event: 15.607 Executing VM operation: G1PauseRemark done
Event: 15.654 Executing VM operation: G1PauseCleanup
Event: 15.654 Executing VM operation: G1PauseCleanup done
Event: 15.851 Executing VM operation: G1CollectForAllocation
Event: 15.854 Executing VM operation: G1CollectForAllocation done
Event: 15.954 Executing VM operation: HandshakeAllThreads
Event: 16.004 Executing VM operation: HandshakeAllThreads done
Event: 16.177 Executing VM operation: G1CollectForAllocation

Events (20 events):
Event: 14.227 Thread 0x00000162ac0b2650 Thread added: 0x00000162ac0b2650
Event: 14.227 Thread 0x00000162ac0b7c60 Thread added: 0x00000162ac0b7c60
Event: 14.228 Thread 0x00000162ac0b3070 Thread added: 0x00000162ac0b3070
Event: 14.592 loading class sun/security/ssl/Alert
Event: 14.592 loading class sun/security/ssl/Alert done
Event: 14.593 loading class sun/security/ssl/Alert$AlertConsumer
Event: 14.593 loading class sun/security/ssl/Alert$AlertConsumer done
Event: 14.593 loading class sun/security/ssl/Alert$Level
Event: 14.593 loading class sun/security/ssl/Alert$Level done
Event: 14.683 loading class java/util/stream/SortedOps$RefSortingSink
Event: 14.683 loading class java/util/stream/SortedOps$RefSortingSink done
Event: 14.698 loading class java/time/Ser
Event: 14.698 loading class java/time/Ser done
Event: 15.139 loading class sun/misc/SharedSecrets
Event: 15.139 loading class sun/misc/SharedSecrets done
Event: 15.736 loading class java/util/regex/Pattern$1
Event: 15.736 loading class java/util/regex/Pattern$1 done
Event: 16.016 Thread 0x00000162a75221d0 flushing nmethod 0x0000016291bbc410
Event: 16.017 Thread 0x00000162a75221d0 flushing nmethod 0x0000016291c73690
Event: 16.018 Thread 0x00000162a75221d0 flushing nmethod 0x0000016291dc7710


Dynamic libraries:
0x00007ff6fd0a0000 - 0x00007ff6fd0aa000 	C:\Program Files\Android\Android Studio\jbr\bin\java.exe
0x00007ffaaed90000 - 0x00007ffaaef88000 	C:\WINDOWS\SYSTEM32\ntdll.dll
0x00007ffaacdc0000 - 0x00007ffaace7d000 	C:\WINDOWS\System32\KERNEL32.DLL
0x00007ffaac9a0000 - 0x00007ffaacc96000 	C:\WINDOWS\System32\KERNELBASE.dll
0x00007ffaac510000 - 0x00007ffaac610000 	C:\WINDOWS\System32\ucrtbase.dll
0x00007ffa9d5e0000 - 0x00007ffa9d5f7000 	C:\Program Files\Android\Android Studio\jbr\bin\jli.dll
0x00007ffaad860000 - 0x00007ffaad9ff000 	C:\WINDOWS\System32\USER32.dll
0x00007ffaac6c0000 - 0x00007ffaac6e2000 	C:\WINDOWS\System32\win32u.dll
0x00007ffaad6a0000 - 0x00007ffaad6cb000 	C:\WINDOWS\System32\GDI32.dll
0x00007ffaacca0000 - 0x00007ffaacdb7000 	C:\WINDOWS\System32\gdi32full.dll
0x00007ffaac440000 - 0x00007ffaac4dd000 	C:\WINDOWS\System32\msvcp_win.dll
0x00007ffaa5d90000 - 0x00007ffaa5dab000 	C:\Program Files\Android\Android Studio\jbr\bin\VCRUNTIME140.dll
0x00007ffa9c8c0000 - 0x00007ffa9cb5a000 	C:\WINDOWS\WinSxS\amd64_microsoft.windows.common-controls_6595b64144ccf1df_6.0.19041.4355_none_60b8b9eb71f62e16\COMCTL32.dll
0x00007ffaae2e0000 - 0x00007ffaae37e000 	C:\WINDOWS\System32\msvcrt.dll
0x00007ffaad170000 - 0x00007ffaad1a2000 	C:\WINDOWS\System32\IMM32.DLL
0x00007ffaa7ed0000 - 0x00007ffaa7edc000 	C:\Program Files\Android\Android Studio\jbr\bin\vcruntime140_1.dll
0x00007ffa82280000 - 0x00007ffa8230d000 	C:\Program Files\Android\Android Studio\jbr\bin\msvcp140.dll
0x00007ffa57c00000 - 0x00007ffa58883000 	C:\Program Files\Android\Android Studio\jbr\bin\server\jvm.dll
0x00007ffaae100000 - 0x00007ffaae1b0000 	C:\WINDOWS\System32\ADVAPI32.dll
0x00007ffaad6d0000 - 0x00007ffaad770000 	C:\WINDOWS\System32\sechost.dll
0x00007ffaae1b0000 - 0x00007ffaae2d3000 	C:\WINDOWS\System32\RPCRT4.dll
0x00007ffaac4e0000 - 0x00007ffaac507000 	C:\WINDOWS\System32\bcrypt.dll
0x00007ffaab970000 - 0x00007ffaab9bb000 	C:\WINDOWS\SYSTEM32\POWRPROF.dll
0x00007ffa8f650000 - 0x00007ffa8f659000 	C:\WINDOWS\SYSTEM32\WSOCK32.dll
0x00007ffa9cd20000 - 0x00007ffa9cd47000 	C:\WINDOWS\SYSTEM32\WINMM.dll
0x00007ffaad770000 - 0x00007ffaad7db000 	C:\WINDOWS\System32\WS2_32.dll
0x00007ffa9f5c0000 - 0x00007ffa9f5ca000 	C:\WINDOWS\SYSTEM32\VERSION.dll
0x00007ffaab830000 - 0x00007ffaab842000 	C:\WINDOWS\SYSTEM32\UMPDC.dll
0x00007ffaaa2c0000 - 0x00007ffaaa2d2000 	C:\WINDOWS\SYSTEM32\kernel.appcore.dll
0x00007ffaa7eb0000 - 0x00007ffaa7eba000 	C:\Program Files\Android\Android Studio\jbr\bin\jimage.dll
0x00007ffa97170000 - 0x00007ffa97354000 	C:\WINDOWS\SYSTEM32\DBGHELP.DLL
0x00007ffa97130000 - 0x00007ffa97164000 	C:\WINDOWS\SYSTEM32\dbgcore.DLL
0x00007ffaac6f0000 - 0x00007ffaac772000 	C:\WINDOWS\System32\bcryptPrimitives.dll
0x00007ffa9d860000 - 0x00007ffa9d86e000 	C:\Program Files\Android\Android Studio\jbr\bin\instrument.dll
0x00007ffa8cc10000 - 0x00007ffa8cc35000 	C:\Program Files\Android\Android Studio\jbr\bin\java.dll
0x00007ffaa5c70000 - 0x00007ffaa5c88000 	C:\Program Files\Android\Android Studio\jbr\bin\zip.dll
0x00007ffaae5b0000 - 0x00007ffaaed1b000 	C:\WINDOWS\System32\SHELL32.dll
0x00007ffaaa4c0000 - 0x00007ffaaac5d000 	C:\WINDOWS\SYSTEM32\windows.storage.dll
0x00007ffaad2e0000 - 0x00007ffaad633000 	C:\WINDOWS\System32\combase.dll
0x00007ffaabe60000 - 0x00007ffaabe8e000 	C:\WINDOWS\SYSTEM32\Wldp.dll
0x00007ffaace80000 - 0x00007ffaacf4d000 	C:\WINDOWS\System32\OLEAUT32.dll
0x00007ffaacf50000 - 0x00007ffaacffd000 	C:\WINDOWS\System32\SHCORE.dll
0x00007ffaae550000 - 0x00007ffaae5a5000 	C:\WINDOWS\System32\shlwapi.dll
0x00007ffaac370000 - 0x00007ffaac394000 	C:\WINDOWS\SYSTEM32\profapi.dll
0x00007ffaa5e20000 - 0x00007ffaa5e39000 	C:\Program Files\Android\Android Studio\jbr\bin\net.dll
0x00007ffa9f160000 - 0x00007ffa9f26a000 	C:\WINDOWS\SYSTEM32\WINHTTP.dll
0x00007ffaabbc0000 - 0x00007ffaabc2a000 	C:\WINDOWS\system32\mswsock.dll
0x00007ffaa5cc0000 - 0x00007ffaa5cd6000 	C:\Program Files\Android\Android Studio\jbr\bin\nio.dll
0x00007ffaa7d50000 - 0x00007ffaa7d60000 	C:\Program Files\Android\Android Studio\jbr\bin\verify.dll
0x00007ffa9d600000 - 0x00007ffa9d627000 	C:\Users\Abdelrahman\.gradle\native\c067742578af261105cb4f569cf0c3c89f3d7b1fecec35dd04571415982c5e48\windows-amd64\native-platform.dll
0x00007ffa7fa60000 - 0x00007ffa7fba4000 	C:\Users\Abdelrahman\.gradle\native\38dada09dfb8b06ba9b0570ebf7e218e3eb74d4ef43ca46872605cf95ebc2f47\windows-amd64\native-platform-file-events.dll
0x00007ffaa6060000 - 0x00007ffaa6069000 	C:\Program Files\Android\Android Studio\jbr\bin\management.dll
0x00007ffaa5d80000 - 0x00007ffaa5d8b000 	C:\Program Files\Android\Android Studio\jbr\bin\management_ext.dll
0x00007ffaae390000 - 0x00007ffaae398000 	C:\WINDOWS\System32\PSAPI.DLL
0x00007ffaabdc0000 - 0x00007ffaabdd8000 	C:\WINDOWS\SYSTEM32\CRYPTSP.dll
0x00007ffaab470000 - 0x00007ffaab4a4000 	C:\WINDOWS\system32\rsaenh.dll
0x00007ffaac2e0000 - 0x00007ffaac30e000 	C:\WINDOWS\SYSTEM32\USERENV.dll
0x00007ffaabdb0000 - 0x00007ffaabdbc000 	C:\WINDOWS\SYSTEM32\CRYPTBASE.dll
0x00007ffaab850000 - 0x00007ffaab88b000 	C:\WINDOWS\SYSTEM32\IPHLPAPI.DLL
0x00007ffaae380000 - 0x00007ffaae388000 	C:\WINDOWS\System32\NSI.dll
0x00007ffa9f5d0000 - 0x00007ffa9f5e7000 	C:\WINDOWS\SYSTEM32\dhcpcsvc6.DLL
0x00007ffaa2a00000 - 0x00007ffaa2a1d000 	C:\WINDOWS\SYSTEM32\dhcpcsvc.DLL
0x00007ffaab8a0000 - 0x00007ffaab96b000 	C:\WINDOWS\SYSTEM32\DNSAPI.dll
0x00007ffaa6170000 - 0x00007ffaa6177000 	C:\WINDOWS\system32\wshunix.dll
0x00007ffaa4720000 - 0x00007ffaa472a000 	C:\Windows\System32\rasadhlp.dll
0x00007ffa90de0000 - 0x00007ffa90e60000 	C:\WINDOWS\System32\fwpuclnt.dll

dbghelp: loaded successfully - version: 4.0.5 - missing functions: none
symbol engine: initialized successfully - sym options: 0x614 - pdb path: .;C:\Program Files\Android\Android Studio\jbr\bin;C:\WINDOWS\SYSTEM32;C:\WINDOWS\WinSxS\amd64_microsoft.windows.common-controls_6595b64144ccf1df_6.0.19041.4355_none_60b8b9eb71f62e16;C:\Program Files\Android\Android Studio\jbr\bin\server;C:\Users\Abdelrahman\.gradle\native\c067742578af261105cb4f569cf0c3c89f3d7b1fecec35dd04571415982c5e48\windows-amd64;C:\Users\Abdelrahman\.gradle\native\38dada09dfb8b06ba9b0570ebf7e218e3eb74d4ef43ca46872605cf95ebc2f47\windows-amd64

VM Arguments:
jvm_args: --add-opens=java.base/java.util=ALL-UNNAMED --add-opens=java.base/java.lang=ALL-UNNAMED --add-opens=java.base/java.lang.invoke=ALL-UNNAMED --add-opens=java.prefs/java.util.prefs=ALL-UNNAMED --add-opens=java.base/java.nio.charset=ALL-UNNAMED --add-opens=java.base/java.net=ALL-UNNAMED --add-opens=java.base/java.util.concurrent.atomic=ALL-UNNAMED -Xmx2048m -Dfile.encoding=UTF-8 -Duser.country=US -Duser.language=en -Duser.variant -javaagent:C:\Users\Abdelrahman\.gradle\wrapper\dists\gradle-8.4-bin\1w5dpkrfk8irigvoxmyhowfim\gradle-8.4\lib\agents\gradle-instrumentation-agent-8.4.jar 
java_command: org.gradle.launcher.daemon.bootstrap.GradleDaemon 8.4
java_class_path (initial): C:\Users\Abdelrahman\.gradle\wrapper\dists\gradle-8.4-bin\1w5dpkrfk8irigvoxmyhowfim\gradle-8.4\lib\gradle-launcher-8.4.jar
Launcher Type: SUN_STANDARD

[Global flags]
     intx CICompilerCount                          = 3                                         {product} {ergonomic}
     uint ConcGCThreads                            = 1                                         {product} {ergonomic}
     uint G1ConcRefinementThreads                  = 4                                         {product} {ergonomic}
   size_t G1HeapRegionSize                         = 1048576                                   {product} {ergonomic}
    uintx GCDrainStackTargetSize                   = 64                                        {product} {ergonomic}
   size_t InitialHeapSize                          = 201326592                                 {product} {ergonomic}
   size_t MarkStackSize                            = 4194304                                   {product} {ergonomic}
   size_t MaxHeapSize                              = 2147483648                                {product} {command line}
   size_t MaxNewSize                               = 1287651328                                {product} {ergonomic}
   size_t MinHeapDeltaBytes                        = 1048576                                   {product} {ergonomic}
   size_t MinHeapSize                              = 8388608                                   {product} {ergonomic}
    uintx NonNMethodCodeHeapSize                   = 5832780                                {pd product} {ergonomic}
    uintx NonProfiledCodeHeapSize                  = 122912730                              {pd product} {ergonomic}
    uintx ProfiledCodeHeapSize                     = 122912730                              {pd product} {ergonomic}
    uintx ReservedCodeCacheSize                    = 251658240                              {pd product} {ergonomic}
     bool SegmentedCodeCache                       = true                                      {product} {ergonomic}
   size_t SoftMaxHeapSize                          = 2147483648                             {manageable} {ergonomic}
     bool UseCompressedClassPointers               = true                           {product lp64_product} {ergonomic}
     bool UseCompressedOops                        = true                           {product lp64_product} {ergonomic}
     bool UseG1GC                                  = true                                      {product} {ergonomic}
     bool UseLargePagesIndividualAllocation        = false                                  {pd product} {ergonomic}

Logging:
Log output configuration:
 #0: stdout all=warning uptime,level,tags
 #1: stderr all=off uptime,level,tags

Environment Variables:
JAVA_HOME=C:\Program Files\Java\jdk-20
PATH=C:\Program Files (x86)\ActiveState Komodo IDE 11\;C:\Program Files (x86)\ActiveState Komodo Edit 11\;C:\Program Files\Common Files\Oracle\Java\javapath;C:\Program Files (x86)\Common Files\Oracle\Java\java8path;C:\Program Files (x86)\Common Files\Oracle\Java\javapath;C:\WINDOWS\system32;C:\WINDOWS;C:\WINDOWS\System32\Wbem;C:\WINDOWS\System32\WindowsPowerShell\v1.0\;C:\WINDOWS\System32\OpenSSH\;C:\Program Files\Intel\WiFi\bin\;C:\Program Files\Common Files\Intel\WirelessCommon\;C:\xampp\php;C:\composer;C:\Program Files\Cloudflare\Cloudflare WARP\;C:\Program Files\Git\cmd;C:\Program Files\dart-sdk\bin;C:\flutter\bin;C:\Program Files\apktool;C:\Users\Abdelrahman\AppData\Local\Programs\Python\Launcher\;C:\Users\Abdelrahman\AppData\Local\Microsoft\WindowsApps;C:\Program Files\Intel\WiFi\bin\;C:\Program Files\Common Files\Intel\WirelessCommon\;C:\Users\Abdelrahman\AppData\Roaming\Composer\vendor\bin;C:\Users\Abdelrahman\AppData\Local\Programs\Microsoft VS Code\bin;C:\Users\Abdelrahman\AppData\Local\GitHubDesktop\bin
USERNAME=Abdelrahman
OS=Windows_NT
PROCESSOR_IDENTIFIER=Intel64 Family 6 Model 142 Stepping 9, GenuineIntel
TMP=C:\Users\ABDELR~1\AppData\Local\Temp
TEMP=C:\Users\ABDELR~1\AppData\Local\Temp



Periodic native trim disabled

JNI global refs:
JNI global refs: 25, weak refs: 0

JNI global refs memory usage: 843, weak refs: 841

OOME stack traces (most recent first):
Classloader memory used:
Loader org.gradle.internal.classloader.VisitableURLClassLoader                         : 3496K
Loader bootstrap                                                                       : 3104K
Loader org.gradle.initialization.MixInLegacyTypesClassLoader                           : 1243K
Loader jdk.internal.loader.ClassLoaders$AppClassLoader                                 : 1049K
Loader org.gradle.internal.classloader.VisitableURLClassLoader$InstrumentingVisitableURLClassLoader: 259K
Loader jdk.internal.loader.ClassLoaders$PlatformClassLoader                            : 121K
Loader jdk.internal.reflect.DelegatingClassLoader                                      : 26838B
Loader org.gradle.internal.classloader.VisitableURLClassLoader                         : 26558B

Classes loaded by more than one classloader:
Class Program                                                                         : loaded 4 times (x 72B)
Class com.google.common.collect.Iterators$MergingIterator                             : loaded 2 times (x 79B)
Class [Lcom.google.common.collect.AbstractMapEntry;                                   : loaded 2 times (x 67B)
Class com.google.common.collect.SingletonImmutableList                                : loaded 2 times (x 167B)
Class org.gradle.internal.classpath.ClassPath                                         : loaded 2 times (x 68B)
Class org.gradle.api.internal.classpath.DefaultModuleRegistry                         : loaded 2 times (x 84B)
Class Settings_gradle$1$1                                                             : loaded 2 times (x 72B)
Class com.google.common.collect.ListMultimap                                          : loaded 2 times (x 68B)
Class com.google.common.base.CharMatcher$JavaDigit                                    : loaded 2 times (x 109B)
Class com.google.common.base.CharMatcher$Digit                                        : loaded 2 times (x 110B)
Class com.google.common.collect.AbstractMultimap                                      : loaded 2 times (x 121B)
Class org.gradle.api.Action                                                           : loaded 2 times (x 68B)
Class com.google.common.collect.ImmutableEntry                                        : loaded 2 times (x 80B)
Class com.google.common.collect.Lists$StringAsImmutableList                           : loaded 2 times (x 167B)
Class com.google.common.base.CharMatcher                                              : loaded 2 times (x 109B)
Class com.google.common.base.CharMatcher$IsNot                                        : loaded 2 times (x 109B)
Class com.google.common.base.Splitter                                                 : loaded 2 times (x 70B)
Class com.google.common.collect.Iterators$ArrayItr                                    : loaded 2 times (x 95B)
Class org.gradle.api.internal.DefaultClassPathProvider                                : loaded 2 times (x 74B)
Class org.gradle.internal.installation.GradleInstallation$1                           : loaded 2 times (x 73B)
Class com.google.common.base.CharMatcher$BitSetMatcher                                : loaded 2 times (x 110B)
Class com.google.common.collect.ImmutableMap$IteratorBasedImmutableMap                : loaded 2 times (x 123B)
Class com.google.common.collect.ImmutableMap                                          : loaded 2 times (x 118B)
Class com.google.common.base.Converter                                                : loaded 2 times (x 88B)
Class com.google.common.collect.ImmutableSet$EmptySetBuilderImpl                      : loaded 2 times (x 74B)
Class com.google.common.base.Predicate                                                : loaded 2 times (x 68B)
Class org.gradle.internal.classloader.FilteringClassLoader                            : loaded 2 times (x 103B)
Class com.google.common.collect.RegularImmutableSet                                   : loaded 2 times (x 146B)
Class org.gradle.internal.classpath.DefaultClassPath$ImmutableUniqueList$Builder      : loaded 2 times (x 73B)
Class com.google.common.collect.Maps$8                                                : loaded 2 times (x 80B)
Class com.google.common.base.PatternCompiler                                          : loaded 2 times (x 68B)
Class com.google.common.base.CharMatcher$InRange                                      : loaded 2 times (x 109B)
Class com.google.common.collect.BiMap                                                 : loaded 2 times (x 68B)
Class com.google.common.collect.Lists                                                 : loaded 2 times (x 69B)
Class com.google.common.math.IntMath$1                                                : loaded 2 times (x 69B)
Class org.gradle.internal.classloader.ClassLoaderVisitor                              : loaded 2 times (x 74B)
Class com.google.common.math.MathPreconditions                                        : loaded 2 times (x 69B)
Class org.gradle.internal.service.DefaultServiceLocator                               : loaded 2 times (x 81B)
Class org.gradle.internal.service.UnknownServiceException                             : loaded 2 times (x 81B)
Class com.google.common.collect.ArrayListMultimap                                     : loaded 2 times (x 170B)
Class com.google.common.base.Strings                                                  : loaded 2 times (x 69B)
Class org.gradle.internal.classloader.DefaultClassLoaderFactory                       : loaded 2 times (x 80B)
Class com.google.common.collect.UnmodifiableIterator                                  : loaded 2 times (x 78B)
Class com.google.common.base.Platform$JdkPatternCompiler                              : loaded 2 times (x 73B)
Class com.google.common.base.CharMatcher$SingleWidth                                  : loaded 2 times (x 110B)
Class com.google.common.collect.Hashing                                               : loaded 2 times (x 69B)
Class com.google.common.base.JdkPattern                                               : loaded 2 times (x 73B)
Class com.google.common.collect.Multimap                                              : loaded 2 times (x 68B)
Class org.gradle.internal.classloader.VisitableURLClassLoader$Spec                    : loaded 2 times (x 72B)
Class org.gradle.api.GradleException                                                  : loaded 2 times (x 80B)
Class com.google.common.base.CharMatcher$JavaLetterOrDigit                            : loaded 2 times (x 109B)
Class org.gradle.api.internal.classpath.ModuleRegistry                                : loaded 2 times (x 68B)
Class com.google.common.collect.ImmutableCollection                                   : loaded 2 times (x 123B)
Class org.gradle.api.internal.ClassPathProvider                                       : loaded 2 times (x 68B)
Class com.google.common.collect.RegularImmutableMap$Values                            : loaded 2 times (x 167B)
Class org.gradle.internal.classloader.ClasspathUtil$1                                 : loaded 2 times (x 74B)
Class com.google.common.collect.ImmutableEnumMap                                      : loaded 2 times (x 123B)
Class com.google.common.collect.ImmutableList$ReverseImmutableList                    : loaded 2 times (x 168B)
Class org.gradle.internal.classloader.ClassLoaderFactory                              : loaded 2 times (x 68B)
Class com.google.common.collect.ObjectArrays                                          : loaded 2 times (x 69B)
Class com.google.common.collect.Iterators$10                                          : loaded 2 times (x 79B)
Class com.google.common.collect.ImmutableList                                         : loaded 2 times (x 166B)
Class org.gradle.api.internal.classpath.ManifestUtil                                  : loaded 2 times (x 69B)
Class org.gradle.api.specs.Spec                                                       : loaded 2 times (x 68B)
Class com.google.common.base.CharMatcher$Whitespace                                   : loaded 2 times (x 110B)
Class com.google.common.collect.Iterators$1                                           : loaded 2 times (x 79B)
Class com.google.common.collect.Iterators$4                                           : loaded 2 times (x 80B)
Class com.google.common.collect.RegularImmutableMap$BucketOverflowException           : loaded 2 times (x 80B)
Class com.google.common.collect.Iterators$5                                           : loaded 2 times (x 80B)
Class com.google.common.base.Preconditions                                            : loaded 2 times (x 69B)
Class com.google.common.base.Function                                                 : loaded 2 times (x 68B)
Class com.google.common.collect.Iterators$9                                           : loaded 2 times (x 79B)
Class org.gradle.internal.IoActions                                                   : loaded 2 times (x 69B)
Class com.google.common.collect.RegularImmutableMap$KeySet                            : loaded 2 times (x 148B)
Class com.google.common.collect.CollectPreconditions                                  : loaded 2 times (x 69B)
Class com.google.common.collect.Maps                                                  : loaded 2 times (x 69B)
Class com.google.common.collect.RegularImmutableMap                                   : loaded 2 times (x 119B)
Class com.google.common.collect.AbstractIndexedListIterator                           : loaded 2 times (x 94B)
Class com.google.common.base.CharMatcher$None                                         : loaded 2 times (x 110B)
Class org.gradle.api.internal.classpath.EffectiveClassPath                            : loaded 2 times (x 88B)
Class com.google.common.collect.UnmodifiableListIterator                              : loaded 2 times (x 93B)
Class com.google.common.collect.ImmutableList$1                                       : loaded 2 times (x 95B)
Class com.google.common.base.Splitter$Strategy                                        : loaded 2 times (x 68B)
Class com.google.common.collect.ImmutableMapEntrySet$RegularEntrySet                  : loaded 2 times (x 149B)
Class [Lcom.google.common.collect.ImmutableMapEntry;                                  : loaded 2 times (x 67B)
Class org.gradle.internal.installation.CurrentGradleInstallation                      : loaded 2 times (x 71B)
Class org.gradle.internal.agents.InstrumentingClassLoader                             : loaded 2 times (x 68B)
Class org.gradle.internal.installation.CurrentGradleInstallationLocator               : loaded 2 times (x 69B)
Class org.gradle.api.internal.classpath.Module                                        : loaded 2 times (x 68B)
Class com.google.common.base.Splitter$1$1                                             : loaded 2 times (x 84B)
Class com.google.common.collect.ImmutableSet$JdkBackedSetBuilderImpl                  : loaded 2 times (x 74B)
Class com.google.common.collect.ImmutableSet$RegularSetBuilderImpl                    : loaded 2 times (x 75B)
Class org.gradle.internal.service.CachingServiceLocator                               : loaded 2 times (x 80B)
Class [Lcom.google.common.collect.ImmutableEntry;                                     : loaded 2 times (x 67B)
Class org.gradle.internal.classpath.DefaultClassPath                                  : loaded 2 times (x 88B)
Class com.google.common.base.Splitter$SplittingIterator                               : loaded 2 times (x 82B)
Class Build_gradle$1                                                                  : loaded 2 times (x 76B)
Class com.google.common.base.CharMatcher$Is                                           : loaded 2 times (x 109B)
Class com.google.common.base.Platform                                                 : loaded 2 times (x 69B)
Class com.google.common.collect.RegularImmutableAsList                                : loaded 2 times (x 176B)
Class com.google.common.collect.PeekingIterator                                       : loaded 2 times (x 68B)
Class com.google.common.collect.ImmutableMapEntrySet                                  : loaded 2 times (x 149B)
Class com.google.common.collect.ImmutableBiMapFauxverideShim                          : loaded 2 times (x 118B)
Class org.gradle.internal.classloader.SystemClassLoaderSpec                           : loaded 2 times (x 69B)
Class com.google.common.collect.SingletonImmutableSet                                 : loaded 2 times (x 144B)
Class [Lcom.google.common.base.AbstractIterator$State;                                : loaded 2 times (x 67B)
Class com.google.common.collect.ImmutableMap$Builder                                  : loaded 2 times (x 80B)
Class com.google.common.base.AbstractIterator                                         : loaded 2 times (x 78B)
Class com.google.common.base.AbstractIterator$1                                       : loaded 2 times (x 69B)
Class com.google.common.collect.Iterators                                             : loaded 2 times (x 69B)
Class com.google.common.base.CharMatcher$1                                            : loaded 2 times (x 111B)
Class com.google.common.base.CharMatcher$Ascii                                        : loaded 2 times (x 110B)
Class org.gradle.api.UncheckedIOException                                             : loaded 2 times (x 80B)
Class com.google.common.base.CharMatcher$And                                          : loaded 2 times (x 110B)
Class com.google.common.collect.IndexedImmutableSet                                   : loaded 2 times (x 148B)
Class com.google.common.collect.AbstractListMultimap                                  : loaded 2 times (x 170B)
Class com.google.common.base.CharMatcher$Any                                          : loaded 2 times (x 110B)
Class org.gradle.internal.installation.GradleInstallation                             : loaded 2 times (x 73B)
Class com.google.common.collect.ArrayListMultimapGwtSerializationDependencies         : loaded 2 times (x 170B)
Class com.google.common.base.CharMatcher$RangesMatcher                                : loaded 2 times (x 110B)
Class com.google.common.collect.ImmutableList$SubList                                 : loaded 2 times (x 168B)
Class org.gradle.internal.classloader.ClasspathUtil                                   : loaded 2 times (x 69B)
Class com.google.common.base.Splitter$1                                               : loaded 2 times (x 75B)
Class com.google.common.collect.Maps$BiMapConverter                                   : loaded 2 times (x 88B)
Class org.gradle.api.internal.DefaultClassPathRegistry                                : loaded 2 times (x 74B)
Class com.google.common.base.Splitter$5                                               : loaded 2 times (x 78B)
Class com.google.common.collect.ImmutableSet$SetBuilderImpl                           : loaded 2 times (x 74B)
Class org.gradle.api.internal.classpath.DefaultModuleRegistry$DefaultModule           : loaded 2 times (x 84B)
Class com.google.common.base.CharMatcher$JavaIsoControl                               : loaded 2 times (x 110B)
Class com.google.common.collect.ImmutableMap$1                                        : loaded 2 times (x 79B)
Class com.google.common.base.CharMatcher$Or                                           : loaded 2 times (x 110B)
Class org.gradle.kotlin.dsl.VersionCatalogAccessorsKt                                 : loaded 2 times (x 69B)
Class com.google.common.collect.Iterables                                             : loaded 2 times (x 69B)
Class com.google.common.base.CharMatcher$JavaLowerCase                                : loaded 2 times (x 109B)
Class org.gradle.api.internal.classpath.UnknownModuleException                        : loaded 2 times (x 80B)
Class com.google.common.collect.Maps$EntryTransformer                                 : loaded 2 times (x 68B)
Class com.google.common.collect.ImmutableCollection$Builder                           : loaded 2 times (x 74B)
Class com.google.common.base.CommonPattern                                            : loaded 2 times (x 72B)
Class org.gradle.internal.service.ServiceLookupException                              : loaded 2 times (x 80B)
Class org.gradle.cache.GlobalCache                                                    : loaded 2 times (x 68B)
Class com.google.common.base.CharMatcher$NegatedFastMatcher                           : loaded 2 times (x 111B)
Class [Lorg.gradle.api.internal.ClassPathProvider;                                    : loaded 2 times (x 67B)
Class org.gradle.util.internal.GUtil                                                  : loaded 2 times (x 69B)
Class com.google.common.math.IntMath                                                  : loaded 2 times (x 69B)
Class com.google.common.collect.AbstractIterator                                      : loaded 2 times (x 80B)
Class org.gradle.internal.classloader.ClassLoaderSpec                                 : loaded 2 times (x 69B)
Class com.google.common.base.NullnessCasts                                            : loaded 2 times (x 69B)
Class com.google.common.collect.AbstractMapEntry                                      : loaded 2 times (x 79B)
Class com.google.common.base.CharMatcher$Negated                                      : loaded 2 times (x 111B)
Class com.google.common.collect.ImmutableSet$Builder                                  : loaded 2 times (x 83B)
Class com.google.common.base.CharMatcher$ForPredicate                                 : loaded 2 times (x 110B)
Class com.google.common.collect.ImmutableMap$MapViewOfValuesAsSingletonSets           : loaded 2 times (x 123B)
Class com.google.common.collect.SortedMapDifference                                   : loaded 2 times (x 68B)
Class org.gradle.internal.classloader.VisitableURLClassLoader                         : loaded 2 times (x 115B)
Class com.google.common.collect.ImmutableBiMap                                        : loaded 2 times (x 141B)
Class org.gradle.internal.Cast                                                        : loaded 2 times (x 69B)
Class Build_gradle                                                                    : loaded 2 times (x 70B)
Class org.gradle.api.internal.ClassPathRegistry                                       : loaded 2 times (x 68B)
Class com.google.common.collect.ImmutableSet                                          : loaded 2 times (x 143B)
Class org.gradle.internal.classloader.VisitableURLClassLoader$InstrumentingVisitableURLClassLoader: loaded 2 times (x 121B)
Class org.gradle.internal.classloader.ClassLoaderHierarchy                            : loaded 2 times (x 68B)
Class com.google.common.base.AbstractIterator$State                                   : loaded 2 times (x 77B)
Class com.google.common.base.CharMatcher$NamedFastMatcher                             : loaded 2 times (x 110B)
Class org.gradle.internal.InternalTransformer                                         : loaded 2 times (x 68B)
Class org.gradle.internal.service.ServiceLocator                                      : loaded 2 times (x 68B)
Class Settings_gradle$1                                                               : loaded 2 times (x 72B)
Class com.google.common.collect.ImmutableMapEntry                                     : loaded 2 times (x 83B)
Class com.google.common.base.CharMatcher$Invisible                                    : loaded 2 times (x 110B)
Class com.google.common.base.CharMatcher$FastMatcher                                  : loaded 2 times (x 109B)
Class org.gradle.internal.classpath.DefaultClassPath$ImmutableUniqueList              : loaded 2 times (x 159B)
Class com.google.common.base.CharMatcher$JavaLetter                                   : loaded 2 times (x 109B)
Class org.gradle.internal.classpath.TransformedClassPath                              : loaded 2 times (x 94B)
Class com.google.common.collect.MapDifference                                         : loaded 2 times (x 68B)
Class Settings_gradle                                                                 : loaded 2 times (x 126B)
Class com.google.common.collect.Platform                                              : loaded 2 times (x 69B)
Class com.google.common.collect.ImmutableAsList                                       : loaded 2 times (x 169B)
Class com.google.common.base.CharMatcher$AnyOf                                        : loaded 2 times (x 110B)
Class com.google.common.base.CharMatcher$IsEither                                     : loaded 2 times (x 109B)
Class com.google.common.collect.RegularImmutableList                                  : loaded 2 times (x 172B)
Class com.google.common.base.CharMatcher$JavaUpperCase                                : loaded 2 times (x 109B)
Class com.google.common.collect.Multiset                                              : loaded 2 times (x 68B)
Class com.google.common.collect.ImmutableSet$CachingAsList                            : loaded 2 times (x 145B)
Class com.google.common.collect.ImmutableMapEntry$NonTerminalImmutableMapEntry        : loaded 2 times (x 83B)
Class com.google.common.collect.AbstractMapBasedMultimap                              : loaded 2 times (x 137B)


---------------  S Y S T E M  ---------------

OS:
 Windows 10 , 64 bit Build 19041 (10.0.19041.3636)
OS uptime: 7 days 5:27 hours

CPU: total 4 (initial active 4) (2 cores per cpu, 2 threads per core) family 6 model 142 stepping 9 microcode 0xb4, cx8, cmov, fxsr, ht, mmx, 3dnowpref, sse, sse2, sse3, ssse3, sse4.1, sse4.2, popcnt, lzcnt, tsc, tscinvbit, avx, avx2, aes, erms, clmul, bmi1, bmi2, adx, fma, vzeroupper, clflush, clflushopt
Processor Information for all 4 processors :
  Max Mhz: 2701, Current Mhz: 2701, Mhz Limit: 2701

Memory: 4k page, system-wide physical 12165M (1994M free)
TotalPageFile size 14212M (AvailPageFile size 111M)
current process WorkingSet (physical memory assigned to process): 311M, peak: 315M
current process commit charge ("private bytes"): 358M, peak: 382M

vm_info: OpenJDK 64-Bit Server VM (17.0.9+0--11185874) for windows-amd64 JRE (17.0.9+0--11185874), built on Dec  6 2023 18:57:44 by "androidbuild" with MS VC++ 16.10 / 16.11 (VS2019)

END.
